[0820/170711.975:ERROR:process_reader_win.cc(123)] NtOpenThread: {Zugriff verweigert} Ein Prozess hat einen Zugriff auf ein Objekt angefordert, aber ihm wurden nicht die Rechte für den Zugriff erteilt. (0xc0000022)
[0820/170711.975:ERROR:process_reader_win.cc(123)] NtOpenThread: {Zugriff verweigert} Ein Prozess hat einen Zugriff auf ein Objekt angefordert, aber ihm wurden nicht die Rechte für den Zugriff erteilt. (0xc0000022)
[0820/170711.975:ERROR:process_reader_win.cc(123)] NtOpenThread: {Zugriff verweigert} Ein Prozess hat einen Zugriff auf ein Objekt angefordert, aber ihm wurden nicht die Rechte für den Zugriff erteilt. (0xc0000022)
[0820/170711.975:ERROR:process_reader_win.cc(123)] NtOpenThread: {Zugriff verweigert} Ein Prozess hat einen Zugriff auf ein Objekt angefordert, aber ihm wurden nicht die Rechte für den Zugriff erteilt. (0xc0000022)
[0820/170712.173:ERROR:exception_snapshot_win.cc(98)] thread ID 5636 not found in process
[0820/170712.082:ERROR:process_reader_win.cc(123)] NtOpenThread: {Zugriff verweigert} Ein Prozess hat einen Zugriff auf ein Objekt angefordert, aber ihm wurden nicht die Rechte für den Zugriff erteilt. (0xc0000022)
[0820/170711.975:ERROR:process_reader_win.cc(123)] NtOpenThread: {Zugriff verweigert} Ein Prozess hat einen Zugriff auf ein Objekt angefordert, aber ihm wurden nicht die Rechte für den Zugriff erteilt. (0xc0000022)
[0820/170711.975:ERROR:process_reader_win.cc(123)] NtOpenThread: {Zugriff verweigert} Ein Prozess hat einen Zugriff auf ein Objekt angefordert, aber ihm wurden nicht die Rechte für den Zugriff erteilt. (0xc0000022)
[0820/170711.975:ERROR:process_reader_win.cc(123)] NtOpenThread: {Zugriff verweigert} Ein Prozess hat einen Zugriff auf ein Objekt angefordert, aber ihm wurden nicht die Rechte für den Zugriff erteilt. (0xc0000022)
[0820/170712.174:ERROR:exception_snapshot_win.cc(98)] thread ID 1632 not found in process
[0820/170712.174:ERROR:exception_snapshot_win.cc(98)] thread ID 1160 not found in process
[0820/170712.174:ERROR:exception_snapshot_win.cc(98)] thread ID 1820 not found in process
[0820/170712.174:ERROR:exception_snapshot_win.cc(98)] thread ID 14320 not found in process
[0820/170712.175:ERROR:exception_snapshot_win.cc(98)] thread ID 13260 not found in process
[0820/170712.195:ERROR:process_reader_win.cc(123)] NtOpenThread: {Zugriff verweigert} Ein Prozess hat einen Zugriff auf ein Objekt angefordert, aber ihm wurden nicht die Rechte für den Zugriff erteilt. (0xc0000022)
[0820/170712.195:ERROR:exception_snapshot_win.cc(98)] thread ID 15296 not found in process
[0820/170712.201:ERROR:process_reader_win.cc(123)] NtOpenThread: {Zugriff verweigert} Ein Prozess hat einen Zugriff auf ein Objekt angefordert, aber ihm wurden nicht die Rechte für den Zugriff erteilt. (0xc0000022)
[0820/170712.201:ERROR:exception_snapshot_win.cc(98)] thread ID 5432 not found in process
[0820/170712.218:ERROR:exception_snapshot_win.cc(98)] thread ID 12608 not found in process
[0820/170712.226:ERROR:process_reader_win.cc(123)] NtOpenThread: {Zugriff verweigert} Ein Prozess hat einen Zugriff auf ein Objekt angefordert, aber ihm wurden nicht die Rechte für den Zugriff erteilt. (0xc0000022)
[0820/170712.227:ERROR:exception_snapshot_win.cc(98)] thread ID 8888 not found in process
[0820/170712.250:ERROR:process_reader_win.cc(123)] NtOpenThread: {Zugriff verweigert} Ein Prozess hat einen Zugriff auf ein Objekt angefordert, aber ihm wurden nicht die Rechte für den Zugriff erteilt. (0xc0000022)
[0820/170712.250:ERROR:exception_snapshot_win.cc(98)] thread ID 2408 not found in process
[0820/170712.174:ERROR:exception_snapshot_win.cc(98)] thread ID 6804 not found in process
[0820/170712.262:ERROR:process_reader_win.cc(123)] NtOpenThread: {Zugriff verweigert} Ein Prozess hat einen Zugriff auf ein Objekt angefordert, aber ihm wurden nicht die Rechte für den Zugriff erteilt. (0xc0000022)
[0820/170712.262:ERROR:exception_snapshot_win.cc(98)] thread ID 12240 not found in process
[0820/170712.268:ERROR:process_reader_win.cc(123)] NtOpenThread: {Zugriff verweigert} Ein Prozess hat einen Zugriff auf ein Objekt angefordert, aber ihm wurden nicht die Rechte für den Zugriff erteilt. (0xc0000022)
[0820/170712.268:ERROR:exception_snapshot_win.cc(98)] thread ID 220 not found in process
[1216/130122.859:ERROR:directory_reader_win.cc(43)] FindFirstFile: Das System kann den angegebenen Pfad nicht finden. (0x3)
[1218/192005.673:ERROR:directory_reader_win.cc(43)] FindFirstFile: Das System kann den angegebenen Pfad nicht finden. (0x3)
[1221/001512.194:ERROR:process_reader_win.cc(151)] SuspendThread: Zugriff verweigert (0x5)
[1221/001512.255:ERROR:process_reader_win.cc(151)] SuspendThread: Zugriff verweigert (0x5)
[1221/001512.255:ERROR:process_reader_win.cc(123)] NtOpenThread: {Zugriff verweigert} Ein Prozess hat einen Zugriff auf ein Objekt angefordert, aber ihm wurden nicht die Rechte für den Zugriff erteilt. (0xc0000022)
[1221/001512.257:ERROR:exception_snapshot_win.cc(99)] thread ID 37272 not found in process
[1221/001512.252:ERROR:process_reader_win.cc(151)] SuspendThread: Zugriff verweigert (0x5)
[1221/001512.260:ERROR:process_reader_win.cc(151)] SuspendThread: Zugriff verweigert (0x5)
[1221/001512.260:ERROR:process_reader_win.cc(123)] NtOpenThread: {Zugriff verweigert} Ein Prozess hat einen Zugriff auf ein Objekt angefordert, aber ihm wurden nicht die Rechte für den Zugriff erteilt. (0xc0000022)
[1221/001512.261:ERROR:exception_snapshot_win.cc(99)] thread ID 36536 not found in process
[1221/001512.230:ERROR:process_reader_win.cc(151)] SuspendThread: Zugriff verweigert (0x5)
[1221/001512.225:ERROR:process_reader_win.cc(151)] SuspendThread: Zugriff verweigert (0x5)
[1221/001512.262:ERROR:process_reader_win.cc(123)] NtOpenThread: {Zugriff verweigert} Ein Prozess hat einen Zugriff auf ein Objekt angefordert, aber ihm wurden nicht die Rechte für den Zugriff erteilt. (0xc0000022)
[1221/001512.262:ERROR:exception_snapshot_win.cc(99)] thread ID 38216 not found in process
[1221/001512.265:ERROR:process_reader_win.cc(151)] SuspendThread: Zugriff verweigert (0x5)
[1221/001512.266:ERROR:process_reader_win.cc(123)] NtOpenThread: {Zugriff verweigert} Ein Prozess hat einen Zugriff auf ein Objekt angefordert, aber ihm wurden nicht die Rechte für den Zugriff erteilt. (0xc0000022)
[1221/001512.266:ERROR:exception_snapshot_win.cc(99)] thread ID 14248 not found in process
[1221/001512.262:ERROR:process_reader_win.cc(123)] NtOpenThread: {Zugriff verweigert} Ein Prozess hat einen Zugriff auf ein Objekt angefordert, aber ihm wurden nicht die Rechte für den Zugriff erteilt. (0xc0000022)
[1221/001512.279:ERROR:exception_snapshot_win.cc(99)] thread ID 14788 not found in process
[1221/001512.356:ERROR:process_reader_win.cc(151)] SuspendThread: Zugriff verweigert (0x5)
[1221/001512.356:ERROR:process_reader_win.cc(151)] SuspendThread: Zugriff verweigert (0x5)
[1221/001512.357:ERROR:process_reader_win.cc(151)] SuspendThread: Zugriff verweigert (0x5)
[1221/001512.357:ERROR:process_reader_win.cc(151)] SuspendThread: Zugriff verweigert (0x5)
[1221/001512.357:ERROR:process_reader_win.cc(151)] SuspendThread: Zugriff verweigert (0x5)
[1221/001512.357:ERROR:process_reader_win.cc(151)] SuspendThread: Zugriff verweigert (0x5)
[1221/001512.358:ERROR:process_reader_win.cc(151)] SuspendThread: Zugriff verweigert (0x5)
[1221/001512.358:ERROR:process_reader_win.cc(151)] SuspendThread: Zugriff verweigert (0x5)
[1221/001512.358:ERROR:process_reader_win.cc(151)] SuspendThread: Zugriff verweigert (0x5)
[1221/001512.358:ERROR:process_reader_win.cc(151)] SuspendThread: Zugriff verweigert (0x5)
[1221/001512.358:ERROR:process_reader_win.cc(151)] SuspendThread: Zugriff verweigert (0x5)
[1221/001512.358:ERROR:process_reader_win.cc(151)] SuspendThread: Zugriff verweigert (0x5)
[1221/001512.359:ERROR:process_reader_win.cc(151)] SuspendThread: Zugriff verweigert (0x5)
[1221/001512.359:ERROR:process_reader_win.cc(151)] SuspendThread: Zugriff verweigert (0x5)
[1221/001512.359:ERROR:process_reader_win.cc(151)] SuspendThread: Zugriff verweigert (0x5)
[1221/001512.359:ERROR:process_reader_win.cc(123)] NtOpenThread: {Zugriff verweigert} Ein Prozess hat einen Zugriff auf ein Objekt angefordert, aber ihm wurden nicht die Rechte für den Zugriff erteilt. (0xc0000022)
[1221/001512.360:ERROR:exception_snapshot_win.cc(99)] thread ID 27084 not found in process
[1221/001512.360:ERROR:process_reader_win.cc(151)] SuspendThread: Zugriff verweigert (0x5)
[1221/001512.361:ERROR:process_reader_win.cc(151)] SuspendThread: Zugriff verweigert (0x5)
[1221/001512.361:ERROR:process_reader_win.cc(123)] NtOpenThread: {Zugriff verweigert} Ein Prozess hat einen Zugriff auf ein Objekt angefordert, aber ihm wurden nicht die Rechte für den Zugriff erteilt. (0xc0000022)
[1221/001512.361:ERROR:exception_snapshot_win.cc(99)] thread ID 36904 not found in process
[1221/001512.368:ERROR:process_reader_win.cc(151)] SuspendThread: Zugriff verweigert (0x5)
[1221/001512.368:ERROR:process_reader_win.cc(151)] SuspendThread: Zugriff verweigert (0x5)
[1221/001512.368:ERROR:process_reader_win.cc(151)] SuspendThread: Zugriff verweigert (0x5)
[1221/001512.368:ERROR:process_reader_win.cc(151)] SuspendThread: Zugriff verweigert (0x5)
[1221/001512.368:ERROR:process_reader_win.cc(151)] SuspendThread: Zugriff verweigert (0x5)
[1221/001512.368:ERROR:process_reader_win.cc(151)] SuspendThread: Zugriff verweigert (0x5)
[1221/001512.368:ERROR:process_reader_win.cc(151)] SuspendThread: Zugriff verweigert (0x5)
[1221/001512.369:ERROR:process_reader_win.cc(151)] SuspendThread: Zugriff verweigert (0x5)
[1221/001512.369:ERROR:process_reader_win.cc(151)] SuspendThread: Zugriff verweigert (0x5)
[1221/001512.369:ERROR:process_reader_win.cc(151)] SuspendThread: Zugriff verweigert (0x5)
[1221/001512.369:ERROR:process_reader_win.cc(151)] SuspendThread: Zugriff verweigert (0x5)
[1221/001512.369:ERROR:process_reader_win.cc(151)] SuspendThread: Zugriff verweigert (0x5)
[1221/001512.369:ERROR:process_reader_win.cc(151)] SuspendThread: Zugriff verweigert (0x5)
[1221/001512.369:ERROR:process_reader_win.cc(151)] SuspendThread: Zugriff verweigert (0x5)
[1221/001512.369:ERROR:process_reader_win.cc(151)] SuspendThread: Zugriff verweigert (0x5)
[1221/001512.369:ERROR:process_reader_win.cc(123)] NtOpenThread: {Zugriff verweigert} Ein Prozess hat einen Zugriff auf ein Objekt angefordert, aber ihm wurden nicht die Rechte für den Zugriff erteilt. (0xc0000022)
[1221/001512.369:ERROR:exception_snapshot_win.cc(99)] thread ID 25708 not found in process
[1221/001512.379:ERROR:process_reader_win.cc(151)] SuspendThread: Zugriff verweigert (0x5)
[1221/001512.379:ERROR:process_reader_win.cc(151)] SuspendThread: Zugriff verweigert (0x5)
[1221/001512.379:ERROR:process_reader_win.cc(123)] NtOpenThread: {Zugriff verweigert} Ein Prozess hat einen Zugriff auf ein Objekt angefordert, aber ihm wurden nicht die Rechte für den Zugriff erteilt. (0xc0000022)
[1221/001512.379:ERROR:exception_snapshot_win.cc(99)] thread ID 35588 not found in process
[1221/001512.380:ERROR:process_reader_win.cc(151)] SuspendThread: Zugriff verweigert (0x5)
[1221/001512.380:ERROR:process_reader_win.cc(151)] SuspendThread: Zugriff verweigert (0x5)
[1221/001512.380:ERROR:process_reader_win.cc(151)] SuspendThread: Zugriff verweigert (0x5)
[1221/001512.380:ERROR:process_reader_win.cc(151)] SuspendThread: Zugriff verweigert (0x5)
[1221/001512.380:ERROR:process_reader_win.cc(151)] SuspendThread: Zugriff verweigert (0x5)
[1221/001512.380:ERROR:process_reader_win.cc(151)] SuspendThread: Zugriff verweigert (0x5)
[1221/001512.380:ERROR:process_reader_win.cc(151)] SuspendThread: Zugriff verweigert (0x5)
[1221/001512.381:ERROR:process_reader_win.cc(151)] SuspendThread: Zugriff verweigert (0x5)
[1221/001512.381:ERROR:process_reader_win.cc(151)] SuspendThread: Zugriff verweigert (0x5)
[1221/001512.381:ERROR:process_reader_win.cc(151)] SuspendThread: Zugriff verweigert (0x5)
[1221/001512.381:ERROR:process_reader_win.cc(151)] SuspendThread: Zugriff verweigert (0x5)
[1221/001512.381:ERROR:process_reader_win.cc(151)] SuspendThread: Zugriff verweigert (0x5)
[1221/001512.382:ERROR:process_reader_win.cc(151)] SuspendThread: Zugriff verweigert (0x5)
[1221/001512.382:ERROR:process_reader_win.cc(151)] SuspendThread: Zugriff verweigert (0x5)
[1221/001512.382:ERROR:process_reader_win.cc(151)] SuspendThread: Zugriff verweigert (0x5)
[1221/001512.382:ERROR:process_reader_win.cc(123)] NtOpenThread: {Zugriff verweigert} Ein Prozess hat einen Zugriff auf ein Objekt angefordert, aber ihm wurden nicht die Rechte für den Zugriff erteilt. (0xc0000022)
[1221/001512.382:ERROR:exception_snapshot_win.cc(99)] thread ID 13280 not found in process
[1221/001512.391:ERROR:process_reader_win.cc(151)] SuspendThread: Zugriff verweigert (0x5)
[1221/001512.391:ERROR:process_reader_win.cc(151)] SuspendThread: Zugriff verweigert (0x5)
[1221/001512.391:ERROR:process_reader_win.cc(151)] SuspendThread: Zugriff verweigert (0x5)
[1221/001512.391:ERROR:process_reader_win.cc(151)] SuspendThread: Zugriff verweigert (0x5)
[1221/001512.391:ERROR:process_reader_win.cc(151)] SuspendThread: Zugriff verweigert (0x5)
[1221/001512.392:ERROR:process_reader_win.cc(151)] SuspendThread: Zugriff verweigert (0x5)
[1221/001512.392:ERROR:process_reader_win.cc(151)] SuspendThread: Zugriff verweigert (0x5)
[1221/001512.392:ERROR:process_reader_win.cc(151)] SuspendThread: Zugriff verweigert (0x5)
[1221/001512.392:ERROR:process_reader_win.cc(151)] SuspendThread: Zugriff verweigert (0x5)
[1221/001512.392:ERROR:process_reader_win.cc(151)] SuspendThread: Zugriff verweigert (0x5)
[1221/001512.392:ERROR:process_reader_win.cc(151)] SuspendThread: Zugriff verweigert (0x5)
[1221/001512.392:ERROR:process_reader_win.cc(151)] SuspendThread: Zugriff verweigert (0x5)
[1221/001512.392:ERROR:process_reader_win.cc(151)] SuspendThread: Zugriff verweigert (0x5)
[1221/001512.392:ERROR:process_reader_win.cc(151)] SuspendThread: Zugriff verweigert (0x5)
[1221/001512.392:ERROR:process_reader_win.cc(151)] SuspendThread: Zugriff verweigert (0x5)
[1221/001512.392:ERROR:process_reader_win.cc(123)] NtOpenThread: {Zugriff verweigert} Ein Prozess hat einen Zugriff auf ein Objekt angefordert, aber ihm wurden nicht die Rechte für den Zugriff erteilt. (0xc0000022)
[1221/001512.392:ERROR:exception_snapshot_win.cc(99)] thread ID 36868 not found in process
[1221/001512.412:ERROR:process_reader_win.cc(151)] SuspendThread: Zugriff verweigert (0x5)
[1221/001512.412:ERROR:process_reader_win.cc(151)] SuspendThread: Zugriff verweigert (0x5)
[1221/001512.412:ERROR:process_reader_win.cc(151)] SuspendThread: Zugriff verweigert (0x5)
[1221/001512.412:ERROR:process_reader_win.cc(151)] SuspendThread: Zugriff verweigert (0x5)
[1221/001512.412:ERROR:process_reader_win.cc(151)] SuspendThread: Zugriff verweigert (0x5)
[1221/001512.412:ERROR:process_reader_win.cc(151)] SuspendThread: Zugriff verweigert (0x5)
[1221/001512.412:ERROR:process_reader_win.cc(151)] SuspendThread: Zugriff verweigert (0x5)
[1221/001512.412:ERROR:process_reader_win.cc(151)] SuspendThread: Zugriff verweigert (0x5)
[1221/001512.412:ERROR:process_reader_win.cc(151)] SuspendThread: Zugriff verweigert (0x5)
[1221/001512.412:ERROR:process_reader_win.cc(151)] SuspendThread: Zugriff verweigert (0x5)
[1221/001512.413:ERROR:process_reader_win.cc(151)] SuspendThread: Zugriff verweigert (0x5)
[1221/001512.413:ERROR:process_reader_win.cc(151)] SuspendThread: Zugriff verweigert (0x5)
[1221/001512.413:ERROR:process_reader_win.cc(151)] SuspendThread: Zugriff verweigert (0x5)
[1221/001512.413:ERROR:process_reader_win.cc(151)] SuspendThread: Zugriff verweigert (0x5)
[1221/001512.413:ERROR:process_reader_win.cc(151)] SuspendThread: Zugriff verweigert (0x5)
[1221/001512.413:ERROR:process_reader_win.cc(123)] NtOpenThread: {Zugriff verweigert} Ein Prozess hat einen Zugriff auf ein Objekt angefordert, aber ihm wurden nicht die Rechte für den Zugriff erteilt. (0xc0000022)
[1221/001512.413:ERROR:exception_snapshot_win.cc(99)] thread ID 29644 not found in process
[1221/001512.454:ERROR:process_reader_win.cc(151)] SuspendThread: Zugriff verweigert (0x5)
[1221/001512.454:ERROR:process_reader_win.cc(151)] SuspendThread: Zugriff verweigert (0x5)
[1221/001512.454:ERROR:process_reader_win.cc(151)] SuspendThread: Zugriff verweigert (0x5)
[1221/001512.454:ERROR:process_reader_win.cc(151)] SuspendThread: Zugriff verweigert (0x5)
[1221/001512.454:ERROR:process_reader_win.cc(151)] SuspendThread: Zugriff verweigert (0x5)
[1221/001512.454:ERROR:process_reader_win.cc(151)] SuspendThread: Zugriff verweigert (0x5)
[1221/001512.454:ERROR:process_reader_win.cc(151)] SuspendThread: Zugriff verweigert (0x5)
[1221/001512.454:ERROR:process_reader_win.cc(151)] SuspendThread: Zugriff verweigert (0x5)
[1221/001512.454:ERROR:process_reader_win.cc(151)] SuspendThread: Zugriff verweigert (0x5)
[1221/001512.455:ERROR:process_reader_win.cc(151)] SuspendThread: Zugriff verweigert (0x5)
[1221/001512.455:ERROR:process_reader_win.cc(151)] SuspendThread: Zugriff verweigert (0x5)
[1221/001512.455:ERROR:process_reader_win.cc(151)] SuspendThread: Zugriff verweigert (0x5)
[1221/001512.455:ERROR:process_reader_win.cc(151)] SuspendThread: Zugriff verweigert (0x5)
[1221/001512.455:ERROR:process_reader_win.cc(151)] SuspendThread: Zugriff verweigert (0x5)
[1221/001512.455:ERROR:process_reader_win.cc(123)] NtOpenThread: {Zugriff verweigert} Ein Prozess hat einen Zugriff auf ein Objekt angefordert, aber ihm wurden nicht die Rechte für den Zugriff erteilt. (0xc0000022)
[1221/001512.455:ERROR:exception_snapshot_win.cc(99)] thread ID 29672 not found in process
[1221/001512.458:ERROR:process_reader_win.cc(151)] SuspendThread: Zugriff verweigert (0x5)
[1221/001512.458:ERROR:process_reader_win.cc(151)] SuspendThread: Zugriff verweigert (0x5)
[1221/001512.458:ERROR:process_reader_win.cc(151)] SuspendThread: Zugriff verweigert (0x5)
[1221/001512.458:ERROR:process_reader_win.cc(151)] SuspendThread: Zugriff verweigert (0x5)
[1221/001512.458:ERROR:process_reader_win.cc(151)] SuspendThread: Zugriff verweigert (0x5)
[1221/001512.459:ERROR:process_reader_win.cc(151)] SuspendThread: Zugriff verweigert (0x5)
[1221/001512.459:ERROR:process_reader_win.cc(151)] SuspendThread: Zugriff verweigert (0x5)
[1221/001512.459:ERROR:process_reader_win.cc(151)] SuspendThread: Zugriff verweigert (0x5)
[1221/001512.459:ERROR:process_reader_win.cc(151)] SuspendThread: Zugriff verweigert (0x5)
[1221/001512.460:ERROR:process_reader_win.cc(151)] SuspendThread: Zugriff verweigert (0x5)
[1221/001512.460:ERROR:process_reader_win.cc(151)] SuspendThread: Zugriff verweigert (0x5)
[1221/001512.460:ERROR:process_reader_win.cc(151)] SuspendThread: Zugriff verweigert (0x5)
[1221/001512.460:ERROR:process_reader_win.cc(151)] SuspendThread: Zugriff verweigert (0x5)
[1221/001512.460:ERROR:process_reader_win.cc(151)] SuspendThread: Zugriff verweigert (0x5)
[1221/001512.460:ERROR:process_reader_win.cc(151)] SuspendThread: Zugriff verweigert (0x5)
[1221/001512.460:ERROR:process_reader_win.cc(151)] SuspendThread: Zugriff verweigert (0x5)
[1221/001512.461:ERROR:process_reader_win.cc(151)] SuspendThread: Zugriff verweigert (0x5)
[1221/001512.461:ERROR:process_reader_win.cc(151)] SuspendThread: Zugriff verweigert (0x5)
[1221/001512.461:ERROR:process_reader_win.cc(151)] SuspendThread: Zugriff verweigert (0x5)
[1221/001512.461:ERROR:process_reader_win.cc(151)] SuspendThread: Zugriff verweigert (0x5)
[1221/001512.461:ERROR:process_reader_win.cc(123)] NtOpenThread: {Zugriff verweigert} Ein Prozess hat einen Zugriff auf ein Objekt angefordert, aber ihm wurden nicht die Rechte für den Zugriff erteilt. (0xc0000022)
[1221/001512.461:ERROR:exception_snapshot_win.cc(99)] thread ID 28612 not found in process
[1221/001512.467:ERROR:process_reader_win.cc(151)] SuspendThread: Zugriff verweigert (0x5)
[1221/001512.467:ERROR:process_reader_win.cc(151)] SuspendThread: Zugriff verweigert (0x5)
[1221/001512.467:ERROR:process_reader_win.cc(151)] SuspendThread: Zugriff verweigert (0x5)
[1221/001512.467:ERROR:process_reader_win.cc(151)] SuspendThread: Zugriff verweigert (0x5)
[1221/001512.467:ERROR:process_reader_win.cc(151)] SuspendThread: Zugriff verweigert (0x5)
[1221/001512.467:ERROR:process_reader_win.cc(151)] SuspendThread: Zugriff verweigert (0x5)
[1221/001512.467:ERROR:process_reader_win.cc(151)] SuspendThread: Zugriff verweigert (0x5)
[1221/001512.467:ERROR:process_reader_win.cc(151)] SuspendThread: Zugriff verweigert (0x5)
[1221/001512.467:ERROR:process_reader_win.cc(151)] SuspendThread: Zugriff verweigert (0x5)
[1221/001512.467:ERROR:process_reader_win.cc(151)] SuspendThread: Zugriff verweigert (0x5)
[1221/001512.467:ERROR:process_reader_win.cc(151)] SuspendThread: Zugriff verweigert (0x5)
[1221/001512.467:ERROR:process_reader_win.cc(151)] SuspendThread: Zugriff verweigert (0x5)
[1221/001512.468:ERROR:process_reader_win.cc(151)] SuspendThread: Zugriff verweigert (0x5)
[1221/001512.468:ERROR:process_reader_win.cc(151)] SuspendThread: Zugriff verweigert (0x5)
[1221/001512.468:ERROR:process_reader_win.cc(151)] SuspendThread: Zugriff verweigert (0x5)
[1221/001512.468:ERROR:process_reader_win.cc(123)] NtOpenThread: {Zugriff verweigert} Ein Prozess hat einen Zugriff auf ein Objekt angefordert, aber ihm wurden nicht die Rechte für den Zugriff erteilt. (0xc0000022)
[1221/001512.468:ERROR:exception_snapshot_win.cc(99)] thread ID 27468 not found in process
[1221/001512.481:ERROR:process_reader_win.cc(151)] SuspendThread: Zugriff verweigert (0x5)
[1221/001512.481:ERROR:process_reader_win.cc(151)] SuspendThread: Zugriff verweigert (0x5)
[1221/001512.481:ERROR:process_reader_win.cc(151)] SuspendThread: Zugriff verweigert (0x5)
[1221/001512.481:ERROR:process_reader_win.cc(151)] SuspendThread: Zugriff verweigert (0x5)
[1221/001512.481:ERROR:process_reader_win.cc(151)] SuspendThread: Zugriff verweigert (0x5)
[1221/001512.481:ERROR:process_reader_win.cc(151)] SuspendThread: Zugriff verweigert (0x5)
[1221/001512.481:ERROR:process_reader_win.cc(151)] SuspendThread: Zugriff verweigert (0x5)
[1221/001512.481:ERROR:process_reader_win.cc(151)] SuspendThread: Zugriff verweigert (0x5)
[1221/001512.481:ERROR:process_reader_win.cc(151)] SuspendThread: Zugriff verweigert (0x5)
[1221/001512.481:ERROR:process_reader_win.cc(151)] SuspendThread: Zugriff verweigert (0x5)
[1221/001512.481:ERROR:process_reader_win.cc(151)] SuspendThread: Zugriff verweigert (0x5)
[1221/001512.482:ERROR:process_reader_win.cc(151)] SuspendThread: Zugriff verweigert (0x5)
[1221/001512.482:ERROR:process_reader_win.cc(151)] SuspendThread: Zugriff verweigert (0x5)
[1221/001512.482:ERROR:process_reader_win.cc(151)] SuspendThread: Zugriff verweigert (0x5)
[1221/001512.482:ERROR:process_reader_win.cc(151)] SuspendThread: Zugriff verweigert (0x5)
[1221/001512.482:ERROR:process_reader_win.cc(123)] NtOpenThread: {Zugriff verweigert} Ein Prozess hat einen Zugriff auf ein Objekt angefordert, aber ihm wurden nicht die Rechte für den Zugriff erteilt. (0xc0000022)
[1221/001512.482:ERROR:exception_snapshot_win.cc(99)] thread ID 37072 not found in process
[1221/001512.539:ERROR:process_reader_win.cc(151)] SuspendThread: Zugriff verweigert (0x5)
[1221/001512.539:ERROR:process_reader_win.cc(151)] SuspendThread: Zugriff verweigert (0x5)
[1221/001512.539:ERROR:process_reader_win.cc(151)] SuspendThread: Zugriff verweigert (0x5)
[1221/001512.539:ERROR:process_reader_win.cc(151)] SuspendThread: Zugriff verweigert (0x5)
[1221/001512.539:ERROR:process_reader_win.cc(151)] SuspendThread: Zugriff verweigert (0x5)
[1221/001512.539:ERROR:process_reader_win.cc(151)] SuspendThread: Zugriff verweigert (0x5)
[1221/001512.540:ERROR:process_reader_win.cc(151)] SuspendThread: Zugriff verweigert (0x5)
[1221/001512.540:ERROR:process_reader_win.cc(151)] SuspendThread: Zugriff verweigert (0x5)
[1221/001512.540:ERROR:process_reader_win.cc(123)] NtOpenThread: {Zugriff verweigert} Ein Prozess hat einen Zugriff auf ein Objekt angefordert, aber ihm wurden nicht die Rechte für den Zugriff erteilt. (0xc0000022)
[1221/001512.540:ERROR:exception_snapshot_win.cc(99)] thread ID 14220 not found in process
[1221/001512.562:ERROR:process_reader_win.cc(151)] SuspendThread: Zugriff verweigert (0x5)
[1221/001512.562:ERROR:process_reader_win.cc(151)] SuspendThread: Zugriff verweigert (0x5)
[1221/001512.562:ERROR:process_reader_win.cc(151)] SuspendThread: Zugriff verweigert (0x5)
[1221/001512.562:ERROR:process_reader_win.cc(151)] SuspendThread: Zugriff verweigert (0x5)
[1221/001512.562:ERROR:process_reader_win.cc(151)] SuspendThread: Zugriff verweigert (0x5)
[1221/001512.562:ERROR:process_reader_win.cc(123)] NtOpenThread: {Zugriff verweigert} Ein Prozess hat einen Zugriff auf ein Objekt angefordert, aber ihm wurden nicht die Rechte für den Zugriff erteilt. (0xc0000022)
[1221/001512.562:ERROR:exception_snapshot_win.cc(99)] thread ID 37848 not found in process
[1221/001512.568:ERROR:process_reader_win.cc(151)] SuspendThread: Zugriff verweigert (0x5)
[1221/001512.568:ERROR:process_reader_win.cc(151)] SuspendThread: Zugriff verweigert (0x5)
[1221/001512.568:ERROR:process_reader_win.cc(151)] SuspendThread: Zugriff verweigert (0x5)
[1221/001512.568:ERROR:process_reader_win.cc(151)] SuspendThread: Zugriff verweigert (0x5)
[1221/001512.568:ERROR:process_reader_win.cc(151)] SuspendThread: Zugriff verweigert (0x5)
[1221/001512.568:ERROR:process_reader_win.cc(151)] SuspendThread: Zugriff verweigert (0x5)
[1221/001512.568:ERROR:process_reader_win.cc(151)] SuspendThread: Zugriff verweigert (0x5)
[1221/001512.568:ERROR:process_reader_win.cc(151)] SuspendThread: Zugriff verweigert (0x5)
[1221/001512.568:ERROR:process_reader_win.cc(123)] NtOpenThread: {Zugriff verweigert} Ein Prozess hat einen Zugriff auf ein Objekt angefordert, aber ihm wurden nicht die Rechte für den Zugriff erteilt. (0xc0000022)
[1221/001512.568:ERROR:exception_snapshot_win.cc(99)] thread ID 35004 not found in process
[1221/001512.580:ERROR:process_reader_win.cc(151)] SuspendThread: Zugriff verweigert (0x5)
[1221/001512.580:ERROR:process_reader_win.cc(151)] SuspendThread: Zugriff verweigert (0x5)
[1221/001512.580:ERROR:process_reader_win.cc(151)] SuspendThread: Zugriff verweigert (0x5)
[1221/001512.580:ERROR:process_reader_win.cc(151)] SuspendThread: Zugriff verweigert (0x5)
[1221/001512.580:ERROR:process_reader_win.cc(151)] SuspendThread: Zugriff verweigert (0x5)
[1221/001512.580:ERROR:process_reader_win.cc(151)] SuspendThread: Zugriff verweigert (0x5)
[1221/001512.581:ERROR:process_reader_win.cc(151)] SuspendThread: Zugriff verweigert (0x5)
[1221/001512.581:ERROR:process_reader_win.cc(151)] SuspendThread: Zugriff verweigert (0x5)
[1221/001512.581:ERROR:process_reader_win.cc(123)] NtOpenThread: {Zugriff verweigert} Ein Prozess hat einen Zugriff auf ein Objekt angefordert, aber ihm wurden nicht die Rechte für den Zugriff erteilt. (0xc0000022)
[1221/001512.581:ERROR:exception_snapshot_win.cc(99)] thread ID 19008 not found in process
[1221/001513.029:ERROR:process_reader_win.cc(151)] SuspendThread: Zugriff verweigert (0x5)
[1221/001513.030:ERROR:process_reader_win.cc(151)] SuspendThread: Zugriff verweigert (0x5)
[1221/001513.030:ERROR:process_reader_win.cc(151)] SuspendThread: Zugriff verweigert (0x5)
[1221/001513.030:ERROR:process_reader_win.cc(151)] SuspendThread: Zugriff verweigert (0x5)
[1221/001513.030:ERROR:process_reader_win.cc(151)] SuspendThread: Zugriff verweigert (0x5)
[1221/001513.030:ERROR:process_reader_win.cc(151)] SuspendThread: Zugriff verweigert (0x5)
[1221/001513.030:ERROR:process_reader_win.cc(151)] SuspendThread: Zugriff verweigert (0x5)
[1221/001513.030:ERROR:process_reader_win.cc(151)] SuspendThread: Zugriff verweigert (0x5)
[1221/001513.030:ERROR:process_reader_win.cc(123)] NtOpenThread: {Zugriff verweigert} Ein Prozess hat einen Zugriff auf ein Objekt angefordert, aber ihm wurden nicht die Rechte für den Zugriff erteilt. (0xc0000022)
[1221/001513.030:ERROR:exception_snapshot_win.cc(99)] thread ID 14120 not found in process
[1221/001513.039:ERROR:process_reader_win.cc(151)] SuspendThread: Zugriff verweigert (0x5)
[1221/001513.039:ERROR:process_reader_win.cc(151)] SuspendThread: Zugriff verweigert (0x5)
[1221/001513.039:ERROR:process_reader_win.cc(151)] SuspendThread: Zugriff verweigert (0x5)
[1221/001513.040:ERROR:process_reader_win.cc(151)] SuspendThread: Zugriff verweigert (0x5)
[1221/001513.040:ERROR:process_reader_win.cc(151)] SuspendThread: Zugriff verweigert (0x5)
[1221/001513.040:ERROR:process_reader_win.cc(151)] SuspendThread: Zugriff verweigert (0x5)
[1221/001513.040:ERROR:process_reader_win.cc(151)] SuspendThread: Zugriff verweigert (0x5)
[1221/001513.040:ERROR:process_reader_win.cc(151)] SuspendThread: Zugriff verweigert (0x5)
[1221/001513.040:ERROR:process_reader_win.cc(151)] SuspendThread: Zugriff verweigert (0x5)
[1221/001513.040:ERROR:process_reader_win.cc(123)] NtOpenThread: {Zugriff verweigert} Ein Prozess hat einen Zugriff auf ein Objekt angefordert, aber ihm wurden nicht die Rechte für den Zugriff erteilt. (0xc0000022)
[1221/001513.040:ERROR:exception_snapshot_win.cc(99)] thread ID 29148 not found in process
[1221/001513.073:ERROR:process_reader_win.cc(151)] SuspendThread: Zugriff verweigert (0x5)
[1221/001513.073:ERROR:process_reader_win.cc(151)] SuspendThread: Zugriff verweigert (0x5)
[1221/001513.073:ERROR:process_reader_win.cc(151)] SuspendThread: Zugriff verweigert (0x5)
[1221/001513.073:ERROR:process_reader_win.cc(151)] SuspendThread: Zugriff verweigert (0x5)
[1221/001513.073:ERROR:process_reader_win.cc(151)] SuspendThread: Zugriff verweigert (0x5)
[1221/001513.073:ERROR:process_reader_win.cc(151)] SuspendThread: Zugriff verweigert (0x5)
[1221/001513.073:ERROR:process_reader_win.cc(151)] SuspendThread: Zugriff verweigert (0x5)
[1221/001513.073:ERROR:process_reader_win.cc(151)] SuspendThread: Zugriff verweigert (0x5)
[1221/001513.073:ERROR:process_reader_win.cc(151)] SuspendThread: Zugriff verweigert (0x5)
[1221/001513.073:ERROR:process_reader_win.cc(151)] SuspendThread: Zugriff verweigert (0x5)
[1221/001513.073:ERROR:process_reader_win.cc(151)] SuspendThread: Zugriff verweigert (0x5)
[1221/001513.074:ERROR:process_reader_win.cc(123)] NtOpenThread: {Zugriff verweigert} Ein Prozess hat einen Zugriff auf ein Objekt angefordert, aber ihm wurden nicht die Rechte für den Zugriff erteilt. (0xc0000022)
[1221/001513.074:ERROR:exception_snapshot_win.cc(99)] thread ID 28920 not found in process
[1221/001513.088:ERROR:process_reader_win.cc(151)] SuspendThread: Zugriff verweigert (0x5)
[1221/001513.088:ERROR:process_reader_win.cc(151)] SuspendThread: Zugriff verweigert (0x5)
[1221/001513.088:ERROR:process_reader_win.cc(151)] SuspendThread: Zugriff verweigert (0x5)
[1221/001513.088:ERROR:process_reader_win.cc(151)] SuspendThread: Zugriff verweigert (0x5)
[1221/001513.088:ERROR:process_reader_win.cc(151)] SuspendThread: Zugriff verweigert (0x5)
[1221/001513.088:ERROR:process_reader_win.cc(151)] SuspendThread: Zugriff verweigert (0x5)
[1221/001513.088:ERROR:process_reader_win.cc(151)] SuspendThread: Zugriff verweigert (0x5)
[1221/001513.088:ERROR:process_reader_win.cc(151)] SuspendThread: Zugriff verweigert (0x5)
[1221/001513.088:ERROR:process_reader_win.cc(123)] NtOpenThread: {Zugriff verweigert} Ein Prozess hat einen Zugriff auf ein Objekt angefordert, aber ihm wurden nicht die Rechte für den Zugriff erteilt. (0xc0000022)
[1221/001513.088:ERROR:exception_snapshot_win.cc(99)] thread ID 38408 not found in process
[1221/001513.148:ERROR:process_reader_win.cc(151)] SuspendThread: Zugriff verweigert (0x5)
[1221/001513.148:ERROR:process_reader_win.cc(151)] SuspendThread: Zugriff verweigert (0x5)
[1221/001513.148:ERROR:process_reader_win.cc(151)] SuspendThread: Zugriff verweigert (0x5)
[1221/001513.148:ERROR:process_reader_win.cc(151)] SuspendThread: Zugriff verweigert (0x5)
[1221/001513.148:ERROR:process_reader_win.cc(151)] SuspendThread: Zugriff verweigert (0x5)
[1221/001513.148:ERROR:process_reader_win.cc(151)] SuspendThread: Zugriff verweigert (0x5)
[1221/001513.148:ERROR:process_reader_win.cc(151)] SuspendThread: Zugriff verweigert (0x5)
[1221/001513.148:ERROR:process_reader_win.cc(151)] SuspendThread: Zugriff verweigert (0x5)
[1221/001513.148:ERROR:process_reader_win.cc(151)] SuspendThread: Zugriff verweigert (0x5)
[1221/001513.148:ERROR:process_reader_win.cc(151)] SuspendThread: Zugriff verweigert (0x5)
[1221/001513.149:ERROR:process_reader_win.cc(151)] SuspendThread: Zugriff verweigert (0x5)
[1221/001513.149:ERROR:process_reader_win.cc(151)] SuspendThread: Zugriff verweigert (0x5)
[1221/001513.149:ERROR:process_reader_win.cc(123)] NtOpenThread: {Zugriff verweigert} Ein Prozess hat einen Zugriff auf ein Objekt angefordert, aber ihm wurden nicht die Rechte für den Zugriff erteilt. (0xc0000022)
[1221/001513.149:ERROR:exception_snapshot_win.cc(99)] thread ID 36616 not found in process
[1221/001513.154:ERROR:process_reader_win.cc(151)] SuspendThread: Zugriff verweigert (0x5)
[1221/001513.154:ERROR:process_reader_win.cc(151)] SuspendThread: Zugriff verweigert (0x5)
[1221/001513.154:ERROR:process_reader_win.cc(151)] SuspendThread: Zugriff verweigert (0x5)
[1221/001513.154:ERROR:process_reader_win.cc(151)] SuspendThread: Zugriff verweigert (0x5)
[1221/001513.154:ERROR:process_reader_win.cc(151)] SuspendThread: Zugriff verweigert (0x5)
[1221/001513.154:ERROR:process_reader_win.cc(151)] SuspendThread: Zugriff verweigert (0x5)
[1221/001513.154:ERROR:process_reader_win.cc(151)] SuspendThread: Zugriff verweigert (0x5)
[1221/001513.154:ERROR:process_reader_win.cc(151)] SuspendThread: Zugriff verweigert (0x5)
[1221/001513.154:ERROR:process_reader_win.cc(123)] NtOpenThread: {Zugriff verweigert} Ein Prozess hat einen Zugriff auf ein Objekt angefordert, aber ihm wurden nicht die Rechte für den Zugriff erteilt. (0xc0000022)
[1221/001513.155:ERROR:exception_snapshot_win.cc(99)] thread ID 2612 not found in process
[1221/001513.154:ERROR:process_reader_win.cc(151)] SuspendThread: Zugriff verweigert (0x5)
[1221/001513.165:ERROR:process_reader_win.cc(151)] SuspendThread: Zugriff verweigert (0x5)
[1221/001513.165:ERROR:process_reader_win.cc(151)] SuspendThread: Zugriff verweigert (0x5)
[1221/001513.165:ERROR:process_reader_win.cc(151)] SuspendThread: Zugriff verweigert (0x5)
[1221/001513.165:ERROR:process_reader_win.cc(151)] SuspendThread: Zugriff verweigert (0x5)
[1221/001513.165:ERROR:process_reader_win.cc(151)] SuspendThread: Zugriff verweigert (0x5)
[1221/001513.165:ERROR:process_reader_win.cc(151)] SuspendThread: Zugriff verweigert (0x5)
[1221/001513.165:ERROR:process_reader_win.cc(123)] NtOpenThread: {Zugriff verweigert} Ein Prozess hat einen Zugriff auf ein Objekt angefordert, aber ihm wurden nicht die Rechte für den Zugriff erteilt. (0xc0000022)
[1221/001513.165:ERROR:exception_snapshot_win.cc(99)] thread ID 6608 not found in process
[1221/001513.228:ERROR:process_reader_win.cc(151)] SuspendThread: Zugriff verweigert (0x5)
[1221/001513.228:ERROR:process_reader_win.cc(151)] SuspendThread: Zugriff verweigert (0x5)
[1221/001513.228:ERROR:process_reader_win.cc(151)] SuspendThread: Zugriff verweigert (0x5)
[1221/001513.228:ERROR:process_reader_win.cc(151)] SuspendThread: Zugriff verweigert (0x5)
[1221/001513.228:ERROR:process_reader_win.cc(151)] SuspendThread: Zugriff verweigert (0x5)
[1221/001513.228:ERROR:process_reader_win.cc(151)] SuspendThread: Zugriff verweigert (0x5)
[1221/001513.228:ERROR:process_reader_win.cc(151)] SuspendThread: Zugriff verweigert (0x5)
[1221/001513.229:ERROR:process_reader_win.cc(151)] SuspendThread: Zugriff verweigert (0x5)
[1221/001513.229:ERROR:process_reader_win.cc(123)] NtOpenThread: {Zugriff verweigert} Ein Prozess hat einen Zugriff auf ein Objekt angefordert, aber ihm wurden nicht die Rechte für den Zugriff erteilt. (0xc0000022)
[1221/001513.229:ERROR:exception_snapshot_win.cc(99)] thread ID 37912 not found in process
[1221/001513.233:ERROR:process_reader_win.cc(151)] SuspendThread: Zugriff verweigert (0x5)
[1221/001513.233:ERROR:process_reader_win.cc(151)] SuspendThread: Zugriff verweigert (0x5)
[1221/001513.233:ERROR:process_reader_win.cc(151)] SuspendThread: Zugriff verweigert (0x5)
[1221/001513.233:ERROR:process_reader_win.cc(151)] SuspendThread: Zugriff verweigert (0x5)
[1221/001513.233:ERROR:process_reader_win.cc(151)] SuspendThread: Zugriff verweigert (0x5)
[1221/001513.233:ERROR:process_reader_win.cc(151)] SuspendThread: Zugriff verweigert (0x5)
[1221/001513.233:ERROR:process_reader_win.cc(123)] NtOpenThread: {Zugriff verweigert} Ein Prozess hat einen Zugriff auf ein Objekt angefordert, aber ihm wurden nicht die Rechte für den Zugriff erteilt. (0xc0000022)
[1221/001513.233:ERROR:exception_snapshot_win.cc(99)] thread ID 31948 not found in process
[1221/001513.234:ERROR:process_reader_win.cc(151)] SuspendThread: Zugriff verweigert (0x5)
[1221/001513.235:ERROR:process_reader_win.cc(151)] SuspendThread: Zugriff verweigert (0x5)
[1221/001513.235:ERROR:process_reader_win.cc(151)] SuspendThread: Zugriff verweigert (0x5)
[1221/001513.235:ERROR:process_reader_win.cc(151)] SuspendThread: Zugriff verweigert (0x5)
[1221/001513.235:ERROR:process_reader_win.cc(151)] SuspendThread: Zugriff verweigert (0x5)
[1221/001513.235:ERROR:process_reader_win.cc(151)] SuspendThread: Zugriff verweigert (0x5)
[1221/001513.235:ERROR:process_reader_win.cc(151)] SuspendThread: Zugriff verweigert (0x5)
[1221/001513.235:ERROR:process_reader_win.cc(151)] SuspendThread: Zugriff verweigert (0x5)
[1221/001513.235:ERROR:process_reader_win.cc(151)] SuspendThread: Zugriff verweigert (0x5)
[1221/001513.235:ERROR:process_reader_win.cc(123)] NtOpenThread: {Zugriff verweigert} Ein Prozess hat einen Zugriff auf ein Objekt angefordert, aber ihm wurden nicht die Rechte für den Zugriff erteilt. (0xc0000022)
[1221/001513.235:ERROR:process_reader_win.cc(151)] SuspendThread: Zugriff verweigert (0x5)
[1221/001513.235:ERROR:process_reader_win.cc(151)] SuspendThread: Zugriff verweigert (0x5)
[1221/001513.235:ERROR:process_reader_win.cc(151)] SuspendThread: Zugriff verweigert (0x5)
[1221/001513.235:ERROR:exception_snapshot_win.cc(99)] thread ID 13208 not found in process
[1221/001513.235:ERROR:process_reader_win.cc(151)] SuspendThread: Zugriff verweigert (0x5)
[1221/001513.236:ERROR:process_reader_win.cc(151)] SuspendThread: Zugriff verweigert (0x5)
[1221/001513.236:ERROR:process_reader_win.cc(151)] SuspendThread: Zugriff verweigert (0x5)
[1221/001513.236:ERROR:process_reader_win.cc(123)] NtOpenThread: {Zugriff verweigert} Ein Prozess hat einen Zugriff auf ein Objekt angefordert, aber ihm wurden nicht die Rechte für den Zugriff erteilt. (0xc0000022)
[1221/001513.236:ERROR:exception_snapshot_win.cc(99)] thread ID 35988 not found in process
[1221/001513.301:ERROR:process_reader_win.cc(151)] SuspendThread: Zugriff verweigert (0x5)
[1221/001513.301:ERROR:process_reader_win.cc(151)] SuspendThread: Zugriff verweigert (0x5)
[1221/001513.302:ERROR:process_reader_win.cc(151)] SuspendThread: Zugriff verweigert (0x5)
[1221/001513.302:ERROR:process_reader_win.cc(151)] SuspendThread: Zugriff verweigert (0x5)
[1221/001513.302:ERROR:process_reader_win.cc(151)] SuspendThread: Zugriff verweigert (0x5)
[1221/001513.302:ERROR:process_reader_win.cc(151)] SuspendThread: Zugriff verweigert (0x5)
[1221/001513.302:ERROR:process_reader_win.cc(123)] NtOpenThread: {Zugriff verweigert} Ein Prozess hat einen Zugriff auf ein Objekt angefordert, aber ihm wurden nicht die Rechte für den Zugriff erteilt. (0xc0000022)
[1221/001513.302:ERROR:exception_snapshot_win.cc(99)] thread ID 21272 not found in process
[1221/001513.323:ERROR:process_reader_win.cc(151)] SuspendThread: Zugriff verweigert (0x5)
[1221/001513.323:ERROR:process_reader_win.cc(151)] SuspendThread: Zugriff verweigert (0x5)
[1221/001513.323:ERROR:process_reader_win.cc(151)] SuspendThread: Zugriff verweigert (0x5)
[1221/001513.323:ERROR:process_reader_win.cc(151)] SuspendThread: Zugriff verweigert (0x5)
[1221/001513.323:ERROR:process_reader_win.cc(151)] SuspendThread: Zugriff verweigert (0x5)
[1221/001513.324:ERROR:process_reader_win.cc(151)] SuspendThread: Zugriff verweigert (0x5)
[1221/001513.324:ERROR:process_reader_win.cc(151)] SuspendThread: Zugriff verweigert (0x5)
[1221/001513.324:ERROR:process_reader_win.cc(123)] NtOpenThread: {Zugriff verweigert} Ein Prozess hat einen Zugriff auf ein Objekt angefordert, aber ihm wurden nicht die Rechte für den Zugriff erteilt. (0xc0000022)
[1221/001513.324:ERROR:exception_snapshot_win.cc(99)] thread ID 9076 not found in process
[1221/001513.323:ERROR:process_reader_win.cc(151)] SuspendThread: Zugriff verweigert (0x5)
[1221/001513.334:ERROR:process_reader_win.cc(151)] SuspendThread: Zugriff verweigert (0x5)
[1221/001513.334:ERROR:process_reader_win.cc(151)] SuspendThread: Zugriff verweigert (0x5)
[1221/001513.334:ERROR:process_reader_win.cc(151)] SuspendThread: Zugriff verweigert (0x5)
[1221/001513.334:ERROR:process_reader_win.cc(151)] SuspendThread: Zugriff verweigert (0x5)
[1221/001513.334:ERROR:process_reader_win.cc(151)] SuspendThread: Zugriff verweigert (0x5)
[1221/001513.334:ERROR:process_reader_win.cc(151)] SuspendThread: Zugriff verweigert (0x5)
[1221/001513.334:ERROR:process_reader_win.cc(123)] NtOpenThread: {Zugriff verweigert} Ein Prozess hat einen Zugriff auf ein Objekt angefordert, aber ihm wurden nicht die Rechte für den Zugriff erteilt. (0xc0000022)
[1221/001513.335:ERROR:exception_snapshot_win.cc(99)] thread ID 35632 not found in process
[1221/001513.349:ERROR:process_reader_win.cc(151)] SuspendThread: Zugriff verweigert (0x5)
[1221/001513.349:ERROR:process_reader_win.cc(151)] SuspendThread: Zugriff verweigert (0x5)
[1221/001513.349:ERROR:process_reader_win.cc(151)] SuspendThread: Zugriff verweigert (0x5)
[1221/001513.349:ERROR:process_reader_win.cc(151)] SuspendThread: Zugriff verweigert (0x5)
[1221/001513.349:ERROR:process_reader_win.cc(151)] SuspendThread: Zugriff verweigert (0x5)
[1221/001513.349:ERROR:process_reader_win.cc(151)] SuspendThread: Zugriff verweigert (0x5)
[1221/001513.349:ERROR:process_reader_win.cc(151)] SuspendThread: Zugriff verweigert (0x5)
[1221/001513.349:ERROR:process_reader_win.cc(151)] SuspendThread: Zugriff verweigert (0x5)
[1221/001513.349:ERROR:process_reader_win.cc(123)] NtOpenThread: {Zugriff verweigert} Ein Prozess hat einen Zugriff auf ein Objekt angefordert, aber ihm wurden nicht die Rechte für den Zugriff erteilt. (0xc0000022)
[1221/001513.350:ERROR:exception_snapshot_win.cc(99)] thread ID 19144 not found in process
[1221/001513.351:ERROR:process_reader_win.cc(151)] SuspendThread: Zugriff verweigert (0x5)
[1221/001513.351:ERROR:process_reader_win.cc(151)] SuspendThread: Zugriff verweigert (0x5)
[1221/001513.351:ERROR:process_reader_win.cc(151)] SuspendThread: Zugriff verweigert (0x5)
[1221/001513.351:ERROR:process_reader_win.cc(151)] SuspendThread: Zugriff verweigert (0x5)
[1221/001513.351:ERROR:process_reader_win.cc(151)] SuspendThread: Zugriff verweigert (0x5)
[1221/001513.351:ERROR:process_reader_win.cc(151)] SuspendThread: Zugriff verweigert (0x5)
[1221/001513.352:ERROR:process_reader_win.cc(123)] NtOpenThread: {Zugriff verweigert} Ein Prozess hat einen Zugriff auf ein Objekt angefordert, aber ihm wurden nicht die Rechte für den Zugriff erteilt. (0xc0000022)
[1221/001513.352:ERROR:exception_snapshot_win.cc(99)] thread ID 33332 not found in process
[1221/001513.394:ERROR:process_reader_win.cc(151)] SuspendThread: Zugriff verweigert (0x5)
[1221/001513.394:ERROR:process_reader_win.cc(151)] SuspendThread: Zugriff verweigert (0x5)
[1221/001513.394:ERROR:process_reader_win.cc(151)] SuspendThread: Zugriff verweigert (0x5)
[1221/001513.394:ERROR:process_reader_win.cc(151)] SuspendThread: Zugriff verweigert (0x5)
[1221/001513.394:ERROR:process_reader_win.cc(151)] SuspendThread: Zugriff verweigert (0x5)
[1221/001513.395:ERROR:process_reader_win.cc(151)] SuspendThread: Zugriff verweigert (0x5)
[1221/001513.395:ERROR:process_reader_win.cc(151)] SuspendThread: Zugriff verweigert (0x5)
[1221/001513.395:ERROR:process_reader_win.cc(151)] SuspendThread: Zugriff verweigert (0x5)
[1221/001513.395:ERROR:process_reader_win.cc(151)] SuspendThread: Zugriff verweigert (0x5)
[1221/001513.395:ERROR:process_reader_win.cc(151)] SuspendThread: Zugriff verweigert (0x5)
[1221/001513.395:ERROR:process_reader_win.cc(151)] SuspendThread: Zugriff verweigert (0x5)
[1221/001513.395:ERROR:process_reader_win.cc(151)] SuspendThread: Zugriff verweigert (0x5)
[1221/001513.395:ERROR:process_reader_win.cc(151)] SuspendThread: Zugriff verweigert (0x5)
[1221/001513.395:ERROR:process_reader_win.cc(123)] NtOpenThread: {Zugriff verweigert} Ein Prozess hat einen Zugriff auf ein Objekt angefordert, aber ihm wurden nicht die Rechte für den Zugriff erteilt. (0xc0000022)
[1221/001513.395:ERROR:exception_snapshot_win.cc(99)] thread ID 27972 not found in process
[1221/001513.401:ERROR:process_reader_win.cc(151)] SuspendThread: Zugriff verweigert (0x5)
[1221/001513.401:ERROR:process_reader_win.cc(151)] SuspendThread: Zugriff verweigert (0x5)
[1221/001513.401:ERROR:process_reader_win.cc(151)] SuspendThread: Zugriff verweigert (0x5)
[1221/001513.401:ERROR:process_reader_win.cc(151)] SuspendThread: Zugriff verweigert (0x5)
[1221/001513.401:ERROR:process_reader_win.cc(151)] SuspendThread: Zugriff verweigert (0x5)
[1221/001513.401:ERROR:process_reader_win.cc(123)] NtOpenThread: {Zugriff verweigert} Ein Prozess hat einen Zugriff auf ein Objekt angefordert, aber ihm wurden nicht die Rechte für den Zugriff erteilt. (0xc0000022)
[1221/001513.402:ERROR:exception_snapshot_win.cc(99)] thread ID 29940 not found in process
[1221/001513.424:ERROR:process_reader_win.cc(151)] SuspendThread: Zugriff verweigert (0x5)
[1221/001513.424:ERROR:process_reader_win.cc(151)] SuspendThread: Zugriff verweigert (0x5)
[1221/001513.424:ERROR:process_reader_win.cc(151)] SuspendThread: Zugriff verweigert (0x5)
[1221/001513.424:ERROR:process_reader_win.cc(151)] SuspendThread: Zugriff verweigert (0x5)
[1221/001513.424:ERROR:process_reader_win.cc(151)] SuspendThread: Zugriff verweigert (0x5)
[1221/001513.424:ERROR:process_reader_win.cc(151)] SuspendThread: Zugriff verweigert (0x5)
[1221/001513.424:ERROR:process_reader_win.cc(151)] SuspendThread: Zugriff verweigert (0x5)
[1221/001513.424:ERROR:process_reader_win.cc(151)] SuspendThread: Zugriff verweigert (0x5)
[1221/001513.425:ERROR:process_reader_win.cc(151)] SuspendThread: Zugriff verweigert (0x5)
[1221/001513.425:ERROR:process_reader_win.cc(151)] SuspendThread: Zugriff verweigert (0x5)
[1221/001513.425:ERROR:process_reader_win.cc(123)] NtOpenThread: {Zugriff verweigert} Ein Prozess hat einen Zugriff auf ein Objekt angefordert, aber ihm wurden nicht die Rechte für den Zugriff erteilt. (0xc0000022)
[1221/001513.425:ERROR:exception_snapshot_win.cc(99)] thread ID 7864 not found in process
[1221/001513.436:ERROR:process_reader_win.cc(151)] SuspendThread: Zugriff verweigert (0x5)
[1221/001513.436:ERROR:process_reader_win.cc(151)] SuspendThread: Zugriff verweigert (0x5)
[1221/001513.436:ERROR:process_reader_win.cc(151)] SuspendThread: Zugriff verweigert (0x5)
[1221/001513.436:ERROR:process_reader_win.cc(151)] SuspendThread: Zugriff verweigert (0x5)
[1221/001513.436:ERROR:process_reader_win.cc(151)] SuspendThread: Zugriff verweigert (0x5)
[1221/001513.436:ERROR:process_reader_win.cc(151)] SuspendThread: Zugriff verweigert (0x5)
[1221/001513.436:ERROR:process_reader_win.cc(151)] SuspendThread: Zugriff verweigert (0x5)
[1221/001513.436:ERROR:process_reader_win.cc(151)] SuspendThread: Zugriff verweigert (0x5)
[1221/001513.436:ERROR:process_reader_win.cc(151)] SuspendThread: Zugriff verweigert (0x5)
[1221/001513.436:ERROR:process_reader_win.cc(123)] NtOpenThread: {Zugriff verweigert} Ein Prozess hat einen Zugriff auf ein Objekt angefordert, aber ihm wurden nicht die Rechte für den Zugriff erteilt. (0xc0000022)
[1221/001513.437:ERROR:exception_snapshot_win.cc(99)] thread ID 30960 not found in process
[1221/001513.524:ERROR:process_reader_win.cc(151)] SuspendThread: Zugriff verweigert (0x5)
[1221/001513.524:ERROR:process_reader_win.cc(151)] SuspendThread: Zugriff verweigert (0x5)
[1221/001513.524:ERROR:process_reader_win.cc(151)] SuspendThread: Zugriff verweigert (0x5)
[1221/001513.525:ERROR:process_reader_win.cc(151)] SuspendThread: Zugriff verweigert (0x5)
[1221/001513.525:ERROR:process_reader_win.cc(151)] SuspendThread: Zugriff verweigert (0x5)
[1221/001513.525:ERROR:process_reader_win.cc(123)] NtOpenThread: {Zugriff verweigert} Ein Prozess hat einen Zugriff auf ein Objekt angefordert, aber ihm wurden nicht die Rechte für den Zugriff erteilt. (0xc0000022)
[1221/001513.525:ERROR:exception_snapshot_win.cc(99)] thread ID 31564 not found in process
[1221/001513.533:ERROR:process_reader_win.cc(151)] SuspendThread: Zugriff verweigert (0x5)
[1221/001513.533:ERROR:process_reader_win.cc(151)] SuspendThread: Zugriff verweigert (0x5)
[1221/001513.533:ERROR:process_reader_win.cc(151)] SuspendThread: Zugriff verweigert (0x5)
[1221/001513.533:ERROR:process_reader_win.cc(151)] SuspendThread: Zugriff verweigert (0x5)
[1221/001513.533:ERROR:process_reader_win.cc(151)] SuspendThread: Zugriff verweigert (0x5)
[1221/001513.533:ERROR:process_reader_win.cc(151)] SuspendThread: Zugriff verweigert (0x5)
[1221/001513.533:ERROR:process_reader_win.cc(151)] SuspendThread: Zugriff verweigert (0x5)
[1221/001513.534:ERROR:process_reader_win.cc(151)] SuspendThread: Zugriff verweigert (0x5)
[1221/001513.534:ERROR:process_reader_win.cc(151)] SuspendThread: Zugriff verweigert (0x5)
[1221/001513.534:ERROR:process_reader_win.cc(151)] SuspendThread: Zugriff verweigert (0x5)
[1221/001513.534:ERROR:process_reader_win.cc(123)] NtOpenThread: {Zugriff verweigert} Ein Prozess hat einen Zugriff auf ein Objekt angefordert, aber ihm wurden nicht die Rechte für den Zugriff erteilt. (0xc0000022)
[1221/001513.534:ERROR:process_reader_win.cc(151)] SuspendThread: Zugriff verweigert (0x5)
[1221/001513.534:ERROR:process_reader_win.cc(123)] NtOpenThread: {Zugriff verweigert} Ein Prozess hat einen Zugriff auf ein Objekt angefordert, aber ihm wurden nicht die Rechte für den Zugriff erteilt. (0xc0000022)
[1221/001513.534:ERROR:exception_snapshot_win.cc(99)] thread ID 18980 not found in process
[1221/001513.534:ERROR:exception_snapshot_win.cc(99)] thread ID 36940 not found in process
[1221/001513.568:ERROR:process_reader_win.cc(151)] SuspendThread: Zugriff verweigert (0x5)
[1221/001513.568:ERROR:process_reader_win.cc(151)] SuspendThread: Zugriff verweigert (0x5)
[1221/001513.568:ERROR:process_reader_win.cc(151)] SuspendThread: Zugriff verweigert (0x5)
[1221/001513.568:ERROR:process_reader_win.cc(151)] SuspendThread: Zugriff verweigert (0x5)
[1221/001513.568:ERROR:process_reader_win.cc(151)] SuspendThread: Zugriff verweigert (0x5)
[1221/001513.568:ERROR:process_reader_win.cc(123)] NtOpenThread: {Zugriff verweigert} Ein Prozess hat einen Zugriff auf ein Objekt angefordert, aber ihm wurden nicht die Rechte für den Zugriff erteilt. (0xc0000022)
[1221/001513.568:ERROR:exception_snapshot_win.cc(99)] thread ID 9280 not found in process
[1221/001513.595:ERROR:process_reader_win.cc(151)] SuspendThread: Zugriff verweigert (0x5)
[1221/001513.595:ERROR:process_reader_win.cc(151)] SuspendThread: Zugriff verweigert (0x5)
[1221/001513.595:ERROR:process_reader_win.cc(151)] SuspendThread: Zugriff verweigert (0x5)
[1221/001513.595:ERROR:process_reader_win.cc(151)] SuspendThread: Zugriff verweigert (0x5)
[1221/001513.596:ERROR:process_reader_win.cc(151)] SuspendThread: Zugriff verweigert (0x5)
[1221/001513.596:ERROR:process_reader_win.cc(151)] SuspendThread: Zugriff verweigert (0x5)
[1221/001513.596:ERROR:process_reader_win.cc(151)] SuspendThread: Zugriff verweigert (0x5)
[1221/001513.596:ERROR:process_reader_win.cc(123)] NtOpenThread: {Zugriff verweigert} Ein Prozess hat einen Zugriff auf ein Objekt angefordert, aber ihm wurden nicht die Rechte für den Zugriff erteilt. (0xc0000022)
[1221/001513.596:ERROR:exception_snapshot_win.cc(99)] thread ID 35380 not found in process
[1221/001513.647:ERROR:process_reader_win.cc(151)] SuspendThread: Zugriff verweigert (0x5)
[1221/001513.647:ERROR:process_reader_win.cc(151)] SuspendThread: Zugriff verweigert (0x5)
[1221/001513.648:ERROR:process_reader_win.cc(151)] SuspendThread: Zugriff verweigert (0x5)
[1221/001513.648:ERROR:process_reader_win.cc(151)] SuspendThread: Zugriff verweigert (0x5)
[1221/001513.648:ERROR:process_reader_win.cc(151)] SuspendThread: Zugriff verweigert (0x5)
[1221/001513.648:ERROR:process_reader_win.cc(151)] SuspendThread: Zugriff verweigert (0x5)
[1221/001513.648:ERROR:process_reader_win.cc(123)] NtOpenThread: {Zugriff verweigert} Ein Prozess hat einen Zugriff auf ein Objekt angefordert, aber ihm wurden nicht die Rechte für den Zugriff erteilt. (0xc0000022)
[1221/001513.648:ERROR:exception_snapshot_win.cc(99)] thread ID 36912 not found in process
[1221/001513.667:ERROR:process_reader_win.cc(151)] SuspendThread: Zugriff verweigert (0x5)
[1221/001513.667:ERROR:process_reader_win.cc(151)] SuspendThread: Zugriff verweigert (0x5)
[1221/001513.667:ERROR:process_reader_win.cc(151)] SuspendThread: Zugriff verweigert (0x5)
[1221/001513.667:ERROR:process_reader_win.cc(151)] SuspendThread: Zugriff verweigert (0x5)
[1221/001513.667:ERROR:process_reader_win.cc(151)] SuspendThread: Zugriff verweigert (0x5)
[1221/001513.667:ERROR:process_reader_win.cc(151)] SuspendThread: Zugriff verweigert (0x5)
[1221/001513.667:ERROR:process_reader_win.cc(123)] NtOpenThread: {Zugriff verweigert} Ein Prozess hat einen Zugriff auf ein Objekt angefordert, aber ihm wurden nicht die Rechte für den Zugriff erteilt. (0xc0000022)
[1221/001513.668:ERROR:exception_snapshot_win.cc(99)] thread ID 35620 not found in process
[1221/001513.669:ERROR:process_reader_win.cc(151)] SuspendThread: Zugriff verweigert (0x5)
[1221/001513.669:ERROR:process_reader_win.cc(151)] SuspendThread: Zugriff verweigert (0x5)
[1221/001513.669:ERROR:process_reader_win.cc(151)] SuspendThread: Zugriff verweigert (0x5)
[1221/001513.669:ERROR:process_reader_win.cc(151)] SuspendThread: Zugriff verweigert (0x5)
[1221/001513.669:ERROR:process_reader_win.cc(151)] SuspendThread: Zugriff verweigert (0x5)
[1221/001513.669:ERROR:process_reader_win.cc(151)] SuspendThread: Zugriff verweigert (0x5)
[1221/001513.669:ERROR:process_reader_win.cc(151)] SuspendThread: Zugriff verweigert (0x5)
[1221/001513.669:ERROR:process_reader_win.cc(123)] NtOpenThread: {Zugriff verweigert} Ein Prozess hat einen Zugriff auf ein Objekt angefordert, aber ihm wurden nicht die Rechte für den Zugriff erteilt. (0xc0000022)
[1221/001513.670:ERROR:exception_snapshot_win.cc(99)] thread ID 13596 not found in process
[1221/001513.751:ERROR:process_reader_win.cc(151)] SuspendThread: Zugriff verweigert (0x5)
[1221/001513.751:ERROR:process_reader_win.cc(151)] SuspendThread: Zugriff verweigert (0x5)
[1221/001513.751:ERROR:process_reader_win.cc(151)] SuspendThread: Zugriff verweigert (0x5)
[1221/001513.751:ERROR:process_reader_win.cc(151)] SuspendThread: Zugriff verweigert (0x5)
[1221/001513.751:ERROR:process_reader_win.cc(151)] SuspendThread: Zugriff verweigert (0x5)
[1221/001513.751:ERROR:process_reader_win.cc(151)] SuspendThread: Zugriff verweigert (0x5)
[1221/001513.751:ERROR:process_reader_win.cc(151)] SuspendThread: Zugriff verweigert (0x5)
[1221/001513.751:ERROR:process_reader_win.cc(151)] SuspendThread: Zugriff verweigert (0x5)
[1221/001513.751:ERROR:process_reader_win.cc(151)] SuspendThread: Zugriff verweigert (0x5)
[1221/001513.752:ERROR:process_reader_win.cc(151)] SuspendThread: Zugriff verweigert (0x5)
[1221/001513.752:ERROR:process_reader_win.cc(123)] NtOpenThread: {Zugriff verweigert} Ein Prozess hat einen Zugriff auf ein Objekt angefordert, aber ihm wurden nicht die Rechte für den Zugriff erteilt. (0xc0000022)
[1221/001513.752:ERROR:exception_snapshot_win.cc(99)] thread ID 35400 not found in process
[1221/001513.823:ERROR:process_reader_win.cc(151)] SuspendThread: Zugriff verweigert (0x5)
[1221/001513.824:ERROR:process_reader_win.cc(151)] SuspendThread: Zugriff verweigert (0x5)
[1221/001513.824:ERROR:process_reader_win.cc(151)] SuspendThread: Zugriff verweigert (0x5)
[1221/001513.824:ERROR:process_reader_win.cc(151)] SuspendThread: Zugriff verweigert (0x5)
[1221/001513.824:ERROR:process_reader_win.cc(151)] SuspendThread: Zugriff verweigert (0x5)
[1221/001513.824:ERROR:process_reader_win.cc(151)] SuspendThread: Zugriff verweigert (0x5)
[1221/001513.824:ERROR:process_reader_win.cc(151)] SuspendThread: Zugriff verweigert (0x5)
[1221/001513.824:ERROR:process_reader_win.cc(151)] SuspendThread: Zugriff verweigert (0x5)
[1221/001513.824:ERROR:process_reader_win.cc(151)] SuspendThread: Zugriff verweigert (0x5)
[1221/001513.824:ERROR:process_reader_win.cc(123)] NtOpenThread: {Zugriff verweigert} Ein Prozess hat einen Zugriff auf ein Objekt angefordert, aber ihm wurden nicht die Rechte für den Zugriff erteilt. (0xc0000022)
[1221/001513.825:ERROR:exception_snapshot_win.cc(99)] thread ID 23988 not found in process
[1221/001513.828:ERROR:process_reader_win.cc(151)] SuspendThread: Zugriff verweigert (0x5)
[1221/001513.828:ERROR:process_reader_win.cc(151)] SuspendThread: Zugriff verweigert (0x5)
[1221/001513.828:ERROR:process_reader_win.cc(151)] SuspendThread: Zugriff verweigert (0x5)
[1221/001513.828:ERROR:process_reader_win.cc(151)] SuspendThread: Zugriff verweigert (0x5)
[1221/001513.828:ERROR:process_reader_win.cc(151)] SuspendThread: Zugriff verweigert (0x5)
[1221/001513.828:ERROR:process_reader_win.cc(151)] SuspendThread: Zugriff verweigert (0x5)
[1221/001513.829:ERROR:process_reader_win.cc(151)] SuspendThread: Zugriff verweigert (0x5)
[1221/001513.829:ERROR:process_reader_win.cc(123)] NtOpenThread: {Zugriff verweigert} Ein Prozess hat einen Zugriff auf ein Objekt angefordert, aber ihm wurden nicht die Rechte für den Zugriff erteilt. (0xc0000022)
[1221/001513.829:ERROR:exception_snapshot_win.cc(99)] thread ID 32692 not found in process
[1221/001513.838:ERROR:process_reader_win.cc(151)] SuspendThread: Zugriff verweigert (0x5)
[1221/001513.838:ERROR:process_reader_win.cc(151)] SuspendThread: Zugriff verweigert (0x5)
[1221/001513.838:ERROR:process_reader_win.cc(151)] SuspendThread: Zugriff verweigert (0x5)
[1221/001513.838:ERROR:process_reader_win.cc(151)] SuspendThread: Zugriff verweigert (0x5)
[1221/001513.838:ERROR:process_reader_win.cc(151)] SuspendThread: Zugriff verweigert (0x5)
[1221/001513.838:ERROR:process_reader_win.cc(151)] SuspendThread: Zugriff verweigert (0x5)
[1221/001513.838:ERROR:process_reader_win.cc(151)] SuspendThread: Zugriff verweigert (0x5)
[1221/001513.838:ERROR:process_reader_win.cc(151)] SuspendThread: Zugriff verweigert (0x5)
[1221/001513.838:ERROR:process_reader_win.cc(151)] SuspendThread: Zugriff verweigert (0x5)
[1221/001513.838:ERROR:process_reader_win.cc(151)] SuspendThread: Zugriff verweigert (0x5)
[1221/001513.838:ERROR:process_reader_win.cc(151)] SuspendThread: Zugriff verweigert (0x5)
[1221/001513.838:ERROR:process_reader_win.cc(151)] SuspendThread: Zugriff verweigert (0x5)
[1221/001513.838:ERROR:process_reader_win.cc(151)] SuspendThread: Zugriff verweigert (0x5)
[1221/001513.838:ERROR:process_reader_win.cc(151)] SuspendThread: Zugriff verweigert (0x5)
[1221/001513.838:ERROR:process_reader_win.cc(151)] SuspendThread: Zugriff verweigert (0x5)
[1221/001513.838:ERROR:process_reader_win.cc(151)] SuspendThread: Zugriff verweigert (0x5)
[1221/001513.838:ERROR:process_reader_win.cc(123)] NtOpenThread: {Zugriff verweigert} Ein Prozess hat einen Zugriff auf ein Objekt angefordert, aber ihm wurden nicht die Rechte für den Zugriff erteilt. (0xc0000022)
[1221/001513.838:ERROR:process_reader_win.cc(151)] SuspendThread: Zugriff verweigert (0x5)
[1221/001513.838:ERROR:process_reader_win.cc(123)] NtOpenThread: {Zugriff verweigert} Ein Prozess hat einen Zugriff auf ein Objekt angefordert, aber ihm wurden nicht die Rechte für den Zugriff erteilt. (0xc0000022)
[1221/001513.838:ERROR:exception_snapshot_win.cc(99)] thread ID 18472 not found in process
[1221/001513.839:ERROR:exception_snapshot_win.cc(99)] thread ID 19760 not found in process
[1221/001513.853:ERROR:process_reader_win.cc(151)] SuspendThread: Zugriff verweigert (0x5)
[1221/001513.853:ERROR:process_reader_win.cc(151)] SuspendThread: Zugriff verweigert (0x5)
[1221/001513.853:ERROR:process_reader_win.cc(151)] SuspendThread: Zugriff verweigert (0x5)
[1221/001513.853:ERROR:process_reader_win.cc(151)] SuspendThread: Zugriff verweigert (0x5)
[1221/001513.853:ERROR:process_reader_win.cc(151)] SuspendThread: Zugriff verweigert (0x5)
[1221/001513.853:ERROR:process_reader_win.cc(151)] SuspendThread: Zugriff verweigert (0x5)
[1221/001513.853:ERROR:process_reader_win.cc(151)] SuspendThread: Zugriff verweigert (0x5)
[1221/001513.853:ERROR:process_reader_win.cc(123)] NtOpenThread: {Zugriff verweigert} Ein Prozess hat einen Zugriff auf ein Objekt angefordert, aber ihm wurden nicht die Rechte für den Zugriff erteilt. (0xc0000022)
[1221/001513.853:ERROR:exception_snapshot_win.cc(99)] thread ID 27424 not found in process
[1221/001513.863:ERROR:process_reader_win.cc(151)] SuspendThread: Zugriff verweigert (0x5)
[1221/001513.863:ERROR:process_reader_win.cc(151)] SuspendThread: Zugriff verweigert (0x5)
[1221/001513.863:ERROR:process_reader_win.cc(151)] SuspendThread: Zugriff verweigert (0x5)
[1221/001513.863:ERROR:process_reader_win.cc(151)] SuspendThread: Zugriff verweigert (0x5)
[1221/001513.863:ERROR:process_reader_win.cc(151)] SuspendThread: Zugriff verweigert (0x5)
[1221/001513.863:ERROR:process_reader_win.cc(151)] SuspendThread: Zugriff verweigert (0x5)
[1221/001513.863:ERROR:process_reader_win.cc(151)] SuspendThread: Zugriff verweigert (0x5)
[1221/001513.863:ERROR:process_reader_win.cc(151)] SuspendThread: Zugriff verweigert (0x5)
[1221/001513.863:ERROR:process_reader_win.cc(151)] SuspendThread: Zugriff verweigert (0x5)
[1221/001513.863:ERROR:process_reader_win.cc(151)] SuspendThread: Zugriff verweigert (0x5)
[1221/001513.863:ERROR:process_reader_win.cc(151)] SuspendThread: Zugriff verweigert (0x5)
[1221/001513.864:ERROR:process_reader_win.cc(123)] NtOpenThread: {Zugriff verweigert} Ein Prozess hat einen Zugriff auf ein Objekt angefordert, aber ihm wurden nicht die Rechte für den Zugriff erteilt. (0xc0000022)
[1221/001513.864:ERROR:exception_snapshot_win.cc(99)] thread ID 29516 not found in process
[1221/001513.865:ERROR:process_reader_win.cc(151)] SuspendThread: Zugriff verweigert (0x5)
[1221/001513.865:ERROR:process_reader_win.cc(151)] SuspendThread: Zugriff verweigert (0x5)
[1221/001513.869:ERROR:process_reader_win.cc(151)] SuspendThread: Zugriff verweigert (0x5)
[1221/001513.870:ERROR:process_reader_win.cc(151)] SuspendThread: Zugriff verweigert (0x5)
[1221/001513.870:ERROR:process_reader_win.cc(151)] SuspendThread: Zugriff verweigert (0x5)
[1221/001513.870:ERROR:process_reader_win.cc(151)] SuspendThread: Zugriff verweigert (0x5)
[1221/001513.870:ERROR:process_reader_win.cc(151)] SuspendThread: Zugriff verweigert (0x5)
[1221/001513.870:ERROR:process_reader_win.cc(151)] SuspendThread: Zugriff verweigert (0x5)
[1221/001513.870:ERROR:process_reader_win.cc(151)] SuspendThread: Zugriff verweigert (0x5)
[1221/001513.870:ERROR:process_reader_win.cc(151)] SuspendThread: Zugriff verweigert (0x5)
[1221/001513.870:ERROR:process_reader_win.cc(151)] SuspendThread: Zugriff verweigert (0x5)
[1221/001513.870:ERROR:process_reader_win.cc(123)] NtOpenThread: {Zugriff verweigert} Ein Prozess hat einen Zugriff auf ein Objekt angefordert, aber ihm wurden nicht die Rechte für den Zugriff erteilt. (0xc0000022)
[1221/001513.871:ERROR:exception_snapshot_win.cc(99)] thread ID 32580 not found in process
[1221/001513.893:ERROR:process_reader_win.cc(151)] SuspendThread: Zugriff verweigert (0x5)
[1221/001513.893:ERROR:process_reader_win.cc(151)] SuspendThread: Zugriff verweigert (0x5)
[1221/001513.893:ERROR:process_reader_win.cc(151)] SuspendThread: Zugriff verweigert (0x5)
[1221/001513.893:ERROR:process_reader_win.cc(151)] SuspendThread: Zugriff verweigert (0x5)
[1221/001513.893:ERROR:process_reader_win.cc(151)] SuspendThread: Zugriff verweigert (0x5)
[1221/001513.893:ERROR:process_reader_win.cc(151)] SuspendThread: Zugriff verweigert (0x5)
[1221/001513.893:ERROR:process_reader_win.cc(151)] SuspendThread: Zugriff verweigert (0x5)
[1221/001513.893:ERROR:process_reader_win.cc(151)] SuspendThread: Zugriff verweigert (0x5)
[1221/001513.893:ERROR:process_reader_win.cc(151)] SuspendThread: Zugriff verweigert (0x5)
[1221/001513.893:ERROR:process_reader_win.cc(151)] SuspendThread: Zugriff verweigert (0x5)
[1221/001513.893:ERROR:process_reader_win.cc(151)] SuspendThread: Zugriff verweigert (0x5)
[1221/001513.893:ERROR:process_reader_win.cc(151)] SuspendThread: Zugriff verweigert (0x5)
[1221/001513.893:ERROR:process_reader_win.cc(151)] SuspendThread: Zugriff verweigert (0x5)
[1221/001513.894:ERROR:process_reader_win.cc(151)] SuspendThread: Zugriff verweigert (0x5)
[1221/001513.893:ERROR:process_reader_win.cc(151)] SuspendThread: Zugriff verweigert (0x5)
[1221/001513.894:ERROR:process_reader_win.cc(151)] SuspendThread: Zugriff verweigert (0x5)
[1221/001513.894:ERROR:process_reader_win.cc(151)] SuspendThread: Zugriff verweigert (0x5)
[1221/001513.894:ERROR:process_reader_win.cc(151)] SuspendThread: Zugriff verweigert (0x5)
[1221/001513.894:ERROR:process_reader_win.cc(151)] SuspendThread: Zugriff verweigert (0x5)
[1221/001513.894:ERROR:process_reader_win.cc(151)] SuspendThread: Zugriff verweigert (0x5)
[1221/001513.894:ERROR:process_reader_win.cc(123)] NtOpenThread: {Zugriff verweigert} Ein Prozess hat einen Zugriff auf ein Objekt angefordert, aber ihm wurden nicht die Rechte für den Zugriff erteilt. (0xc0000022)
[1221/001513.894:ERROR:process_reader_win.cc(123)] NtOpenThread: {Zugriff verweigert} Ein Prozess hat einen Zugriff auf ein Objekt angefordert, aber ihm wurden nicht die Rechte für den Zugriff erteilt. (0xc0000022)
[1221/001513.894:ERROR:exception_snapshot_win.cc(99)] thread ID 25464 not found in process
[1221/001513.894:ERROR:exception_snapshot_win.cc(99)] thread ID 23624 not found in process
[1221/001513.934:ERROR:process_reader_win.cc(151)] SuspendThread: Zugriff verweigert (0x5)
[1221/001513.934:ERROR:process_reader_win.cc(151)] SuspendThread: Zugriff verweigert (0x5)
[1221/001513.934:ERROR:process_reader_win.cc(151)] SuspendThread: Zugriff verweigert (0x5)
[1221/001513.934:ERROR:process_reader_win.cc(151)] SuspendThread: Zugriff verweigert (0x5)
[1221/001513.934:ERROR:process_reader_win.cc(151)] SuspendThread: Zugriff verweigert (0x5)
[1221/001513.934:ERROR:process_reader_win.cc(151)] SuspendThread: Zugriff verweigert (0x5)
[1221/001513.934:ERROR:process_reader_win.cc(123)] NtOpenThread: {Zugriff verweigert} Ein Prozess hat einen Zugriff auf ein Objekt angefordert, aber ihm wurden nicht die Rechte für den Zugriff erteilt. (0xc0000022)
[1221/001513.934:ERROR:exception_snapshot_win.cc(99)] thread ID 26128 not found in process
[1221/001513.943:ERROR:process_reader_win.cc(151)] SuspendThread: Zugriff verweigert (0x5)
[1221/001513.944:ERROR:process_reader_win.cc(151)] SuspendThread: Zugriff verweigert (0x5)
[1221/001513.944:ERROR:process_reader_win.cc(151)] SuspendThread: Zugriff verweigert (0x5)
[1221/001513.944:ERROR:process_reader_win.cc(151)] SuspendThread: Zugriff verweigert (0x5)
[1221/001513.944:ERROR:process_reader_win.cc(151)] SuspendThread: Zugriff verweigert (0x5)
[1221/001513.944:ERROR:process_reader_win.cc(151)] SuspendThread: Zugriff verweigert (0x5)
[1221/001513.944:ERROR:process_reader_win.cc(151)] SuspendThread: Zugriff verweigert (0x5)
[1221/001513.944:ERROR:process_reader_win.cc(151)] SuspendThread: Zugriff verweigert (0x5)
[1221/001513.944:ERROR:process_reader_win.cc(123)] NtOpenThread: {Zugriff verweigert} Ein Prozess hat einen Zugriff auf ein Objekt angefordert, aber ihm wurden nicht die Rechte für den Zugriff erteilt. (0xc0000022)
[1221/001513.944:ERROR:exception_snapshot_win.cc(99)] thread ID 30932 not found in process
[1221/001513.952:ERROR:process_reader_win.cc(151)] SuspendThread: Zugriff verweigert (0x5)
[1221/001513.952:ERROR:process_reader_win.cc(151)] SuspendThread: Zugriff verweigert (0x5)
[1221/001513.952:ERROR:process_reader_win.cc(151)] SuspendThread: Zugriff verweigert (0x5)
[1221/001513.952:ERROR:process_reader_win.cc(151)] SuspendThread: Zugriff verweigert (0x5)
[1221/001513.952:ERROR:process_reader_win.cc(151)] SuspendThread: Zugriff verweigert (0x5)
[1221/001513.953:ERROR:process_reader_win.cc(151)] SuspendThread: Zugriff verweigert (0x5)
[1221/001513.953:ERROR:process_reader_win.cc(151)] SuspendThread: Zugriff verweigert (0x5)
[1221/001513.953:ERROR:process_reader_win.cc(151)] SuspendThread: Zugriff verweigert (0x5)
[1221/001513.953:ERROR:process_reader_win.cc(151)] SuspendThread: Zugriff verweigert (0x5)
[1221/001513.953:ERROR:process_reader_win.cc(123)] NtOpenThread: {Zugriff verweigert} Ein Prozess hat einen Zugriff auf ein Objekt angefordert, aber ihm wurden nicht die Rechte für den Zugriff erteilt. (0xc0000022)
[1221/001513.953:ERROR:exception_snapshot_win.cc(99)] thread ID 24056 not found in process
[1221/001513.954:ERROR:process_reader_win.cc(151)] SuspendThread: Zugriff verweigert (0x5)
[1221/001513.954:ERROR:process_reader_win.cc(151)] SuspendThread: Zugriff verweigert (0x5)
[1221/001513.954:ERROR:process_reader_win.cc(151)] SuspendThread: Zugriff verweigert (0x5)
[1221/001513.955:ERROR:process_reader_win.cc(151)] SuspendThread: Zugriff verweigert (0x5)
[1221/001513.955:ERROR:process_reader_win.cc(151)] SuspendThread: Zugriff verweigert (0x5)
[1221/001513.955:ERROR:process_reader_win.cc(151)] SuspendThread: Zugriff verweigert (0x5)
[1221/001513.955:ERROR:process_reader_win.cc(151)] SuspendThread: Zugriff verweigert (0x5)
[1221/001513.955:ERROR:process_reader_win.cc(151)] SuspendThread: Zugriff verweigert (0x5)
[1221/001513.955:ERROR:process_reader_win.cc(151)] SuspendThread: Zugriff verweigert (0x5)
[1221/001513.955:ERROR:process_reader_win.cc(151)] SuspendThread: Zugriff verweigert (0x5)
[1221/001513.955:ERROR:process_reader_win.cc(151)] SuspendThread: Zugriff verweigert (0x5)
[1221/001513.955:ERROR:process_reader_win.cc(151)] SuspendThread: Zugriff verweigert (0x5)
[1221/001513.955:ERROR:process_reader_win.cc(151)] SuspendThread: Zugriff verweigert (0x5)
[1221/001513.955:ERROR:process_reader_win.cc(151)] SuspendThread: Zugriff verweigert (0x5)
[1221/001513.955:ERROR:process_reader_win.cc(123)] NtOpenThread: {Zugriff verweigert} Ein Prozess hat einen Zugriff auf ein Objekt angefordert, aber ihm wurden nicht die Rechte für den Zugriff erteilt. (0xc0000022)
[1221/001513.955:ERROR:process_reader_win.cc(151)] SuspendThread: Zugriff verweigert (0x5)
[1221/001513.955:ERROR:process_reader_win.cc(151)] SuspendThread: Zugriff verweigert (0x5)
[1221/001513.955:ERROR:process_reader_win.cc(151)] SuspendThread: Zugriff verweigert (0x5)
[1221/001513.955:ERROR:exception_snapshot_win.cc(99)] thread ID 28152 not found in process
[1221/001513.955:ERROR:process_reader_win.cc(123)] NtOpenThread: {Zugriff verweigert} Ein Prozess hat einen Zugriff auf ein Objekt angefordert, aber ihm wurden nicht die Rechte für den Zugriff erteilt. (0xc0000022)
[1221/001513.957:ERROR:exception_snapshot_win.cc(99)] thread ID 30688 not found in process
[1221/001514.026:ERROR:process_reader_win.cc(151)] SuspendThread: Zugriff verweigert (0x5)
[1221/001514.026:ERROR:process_reader_win.cc(151)] SuspendThread: Zugriff verweigert (0x5)
[1221/001514.027:ERROR:process_reader_win.cc(151)] SuspendThread: Zugriff verweigert (0x5)
[1221/001514.027:ERROR:process_reader_win.cc(151)] SuspendThread: Zugriff verweigert (0x5)
[1221/001514.027:ERROR:process_reader_win.cc(151)] SuspendThread: Zugriff verweigert (0x5)
[1221/001514.027:ERROR:process_reader_win.cc(151)] SuspendThread: Zugriff verweigert (0x5)
[1221/001514.027:ERROR:process_reader_win.cc(151)] SuspendThread: Zugriff verweigert (0x5)
[1221/001514.027:ERROR:process_reader_win.cc(151)] SuspendThread: Zugriff verweigert (0x5)
[1221/001514.027:ERROR:process_reader_win.cc(123)] NtOpenThread: {Zugriff verweigert} Ein Prozess hat einen Zugriff auf ein Objekt angefordert, aber ihm wurden nicht die Rechte für den Zugriff erteilt. (0xc0000022)
[1221/001514.027:ERROR:exception_snapshot_win.cc(99)] thread ID 28092 not found in process
[1221/001514.028:ERROR:process_reader_win.cc(151)] SuspendThread: Zugriff verweigert (0x5)
[1221/001514.028:ERROR:process_reader_win.cc(151)] SuspendThread: Zugriff verweigert (0x5)
[1221/001514.028:ERROR:process_reader_win.cc(151)] SuspendThread: Zugriff verweigert (0x5)
[1221/001514.028:ERROR:process_reader_win.cc(151)] SuspendThread: Zugriff verweigert (0x5)
[1221/001514.028:ERROR:process_reader_win.cc(151)] SuspendThread: Zugriff verweigert (0x5)
[1221/001514.028:ERROR:process_reader_win.cc(151)] SuspendThread: Zugriff verweigert (0x5)
[1221/001514.028:ERROR:process_reader_win.cc(151)] SuspendThread: Zugriff verweigert (0x5)
[1221/001514.029:ERROR:process_reader_win.cc(123)] NtOpenThread: {Zugriff verweigert} Ein Prozess hat einen Zugriff auf ein Objekt angefordert, aber ihm wurden nicht die Rechte für den Zugriff erteilt. (0xc0000022)
[1221/001514.029:ERROR:exception_snapshot_win.cc(99)] thread ID 31068 not found in process
[1221/001514.054:ERROR:process_reader_win.cc(151)] SuspendThread: Zugriff verweigert (0x5)
[1221/001514.055:ERROR:process_reader_win.cc(151)] SuspendThread: Zugriff verweigert (0x5)
[1221/001514.055:ERROR:process_reader_win.cc(151)] SuspendThread: Zugriff verweigert (0x5)
[1221/001514.055:ERROR:process_reader_win.cc(151)] SuspendThread: Zugriff verweigert (0x5)
[1221/001514.055:ERROR:process_reader_win.cc(151)] SuspendThread: Zugriff verweigert (0x5)
[1221/001514.055:ERROR:process_reader_win.cc(151)] SuspendThread: Zugriff verweigert (0x5)
[1221/001514.055:ERROR:process_reader_win.cc(151)] SuspendThread: Zugriff verweigert (0x5)
[1221/001514.055:ERROR:process_reader_win.cc(123)] NtOpenThread: {Zugriff verweigert} Ein Prozess hat einen Zugriff auf ein Objekt angefordert, aber ihm wurden nicht die Rechte für den Zugriff erteilt. (0xc0000022)
[1221/001514.055:ERROR:exception_snapshot_win.cc(99)] thread ID 14432 not found in process
[1221/001514.076:ERROR:process_reader_win.cc(151)] SuspendThread: Zugriff verweigert (0x5)
[1221/001514.076:ERROR:process_reader_win.cc(151)] SuspendThread: Zugriff verweigert (0x5)
[1221/001514.076:ERROR:process_reader_win.cc(151)] SuspendThread: Zugriff verweigert (0x5)
[1221/001514.076:ERROR:process_reader_win.cc(151)] SuspendThread: Zugriff verweigert (0x5)
[1221/001514.076:ERROR:process_reader_win.cc(151)] SuspendThread: Zugriff verweigert (0x5)
[1221/001514.076:ERROR:process_reader_win.cc(151)] SuspendThread: Zugriff verweigert (0x5)
[1221/001514.077:ERROR:process_reader_win.cc(151)] SuspendThread: Zugriff verweigert (0x5)
[1221/001514.077:ERROR:process_reader_win.cc(151)] SuspendThread: Zugriff verweigert (0x5)
[1221/001514.077:ERROR:process_reader_win.cc(123)] NtOpenThread: {Zugriff verweigert} Ein Prozess hat einen Zugriff auf ein Objekt angefordert, aber ihm wurden nicht die Rechte für den Zugriff erteilt. (0xc0000022)
[1221/001514.077:ERROR:exception_snapshot_win.cc(99)] thread ID 10876 not found in process
[1221/001514.107:ERROR:process_reader_win.cc(151)] SuspendThread: Zugriff verweigert (0x5)
[1221/001514.107:ERROR:process_reader_win.cc(151)] SuspendThread: Zugriff verweigert (0x5)
[1221/001514.107:ERROR:process_reader_win.cc(151)] SuspendThread: Zugriff verweigert (0x5)
[1221/001514.107:ERROR:process_reader_win.cc(151)] SuspendThread: Zugriff verweigert (0x5)
[1221/001514.107:ERROR:process_reader_win.cc(151)] SuspendThread: Zugriff verweigert (0x5)
[1221/001514.107:ERROR:process_reader_win.cc(151)] SuspendThread: Zugriff verweigert (0x5)
[1221/001514.107:ERROR:process_reader_win.cc(151)] SuspendThread: Zugriff verweigert (0x5)
[1221/001514.107:ERROR:process_reader_win.cc(151)] SuspendThread: Zugriff verweigert (0x5)
[1221/001514.108:ERROR:process_reader_win.cc(123)] NtOpenThread: {Zugriff verweigert} Ein Prozess hat einen Zugriff auf ein Objekt angefordert, aber ihm wurden nicht die Rechte für den Zugriff erteilt. (0xc0000022)
[1221/001514.108:ERROR:exception_snapshot_win.cc(99)] thread ID 6960 not found in process
[1221/001514.137:ERROR:process_reader_win.cc(151)] SuspendThread: Zugriff verweigert (0x5)
[1221/001514.137:ERROR:process_reader_win.cc(151)] SuspendThread: Zugriff verweigert (0x5)
[1221/001514.137:ERROR:process_reader_win.cc(123)] NtOpenThread: {Zugriff verweigert} Ein Prozess hat einen Zugriff auf ein Objekt angefordert, aber ihm wurden nicht die Rechte für den Zugriff erteilt. (0xc0000022)
[1221/001514.137:ERROR:exception_snapshot_win.cc(99)] thread ID 32540 not found in process
[1221/001514.142:ERROR:process_reader_win.cc(151)] SuspendThread: Zugriff verweigert (0x5)
[1221/001514.143:ERROR:process_reader_win.cc(151)] SuspendThread: Zugriff verweigert (0x5)
[1221/001514.143:ERROR:process_reader_win.cc(123)] NtOpenThread: {Zugriff verweigert} Ein Prozess hat einen Zugriff auf ein Objekt angefordert, aber ihm wurden nicht die Rechte für den Zugriff erteilt. (0xc0000022)
[1221/001514.143:ERROR:exception_snapshot_win.cc(99)] thread ID 20624 not found in process
[0115/204340.457:ERROR:directory_reader_win.cc(43)] FindFirstFile: Das System kann den angegebenen Pfad nicht finden. (0x3)
